<?xml version="1.0" encoding="UTF-8"?>
<testsuite xmlns:xsi="http://www.w3.org/2001/XMLSchema-instance" xsi:noNamespaceSchemaLocation="https://maven.apache.org/surefire/maven-surefire-plugin/xsd/surefire-test-report-3.0.xsd" version="3.0" name="ValidationTest" time="0.039" tests="28" errors="0" skipped="0" failures="0">
  <properties>
[...]
</properties>
  <testcase name="matchWithSpace" classname="ValidationTest" time="0.012"/>
  <testcase name="singleCharacterLastNameShouldFail" classname="ValidationTest" time="0.0"/>
  <testcase name="lastNameWithSpecialCharacterShouldFail" classname="ValidationTest" time="0.001"/>
  <testcase name="validDOB" classname="ValidationTest" time="0.001"/>
  <testcase name="passwordBoundary" classname="ValidationTest" time="0.001"/>
  <testcase name="passwordOnlySpaces" classname="ValidationTest" time="0.001"/>
  <testcase name="firstNameLongerThanTwentyShouldFail" classname="ValidationTest" time="0.001"/>
  <testcase name="emailWithoutAtOrDomainShouldFail" classname="ValidationTest" time="0.001"/>
  <testcase name="firstNameEmptyShouldFail" classname="ValidationTest" time="0.0"/>
  <testcase name="passwordMismatch" classname="ValidationTest" time="0.001"/>
  <testcase name="invalidDOBFormat" classname="ValidationTest" time="0.0"/>
  <testcase name="validEmailShouldPass" classname="ValidationTest" time="0.001"/>
  <testcase name="passwordTooShort" classname="ValidationTest" time="0.0"/>
  <testcase name="dobSQLInjection" classname="ValidationTest" time="0.0"/>
  <testcase name="matchOneNull" classname="ValidationTest" time="0.001"/>
  <testcase name="noSpecialChar" classname="ValidationTest" time="0.0"/>
  <testcase name="validPassword" classname="ValidationTest" time="0.001"/>
  <testcase name="passwordMatch" classname="ValidationTest" time="0.0"/>
  <testcase name="validFirstNameShouldPass" classname="ValidationTest" time="0.001"/>
  <testcase name="passwordNull" classname="ValidationTest" time="0.0"/>
  <testcase name="matchCaseSensitive" classname="ValidationTest" time="0.0"/>
  <testcase name="dobWithLetters" classname="ValidationTest" time="0.0"/>
  <testcase name="dobEmpty" classname="ValidationTest" time="0.0"/>
  <testcase name="noLowercase" classname="ValidationTest" time="0.0"/>
  <testcase name="passwordTooLong" classname="ValidationTest" time="0.0"/>
  <testcase name="validLastNameShouldPass" classname="ValidationTest" time="0.0"/>
  <testcase name="noUppercase" classname="ValidationTest" time="0.0"/>
  <testcase name="noDigit" classname="ValidationTest" time="0.0"/>
</testsuite>